=> Booting Puma
=> Rails 5.0.6 application starting in development on http://localhost:3000
=> Run `rails server -h` for more startup options
Puma starting in single mode...
* Version 3.11.0 (ruby 2.3.4-p301), codename: Love Song
* Min threads: 5, max threads: 5
* Environment: development
* Listening on tcp://0.0.0.0:3000
Use Ctrl-C to stop
Started GET "/" for 127.0.0.1 at 2018-02-10 13:44:27 -0300
  [1m[36mActiveRecord::SchemaMigration Load (0.5ms)[0m  [1m[34mSELECT "schema_migrations".* FROM "schema_migrations"[0m
Processing by WelcomeController#index as HTML
  Rendering welcome/index.html.erb within layouts/application
  Rendered welcome/index.html.erb within layouts/application (99.7ms)
/home/fap/repo/fap/app/views/layouts/_navbar_sidebar.html.erb:19: warning: key :class is duplicated and overwritten on line 19
  Rendered layouts/_navbar_sidebar.html.erb (1.6ms)
Completed 200 OK in 1968ms (Views: 1929.9ms | ActiveRecord: 1.6ms)


- Gracefully stopping, waiting for requests to finish
=== puma shutdown: 2018-02-10 13:44:34 -0300 ===
- Goodbye!
Exiting
=> Booting Puma
=> Rails 5.0.6 application starting in development on http://localhost:3000
=> Run `rails server -h` for more startup options
Exiting
=> Booting Puma
=> Rails 5.0.6 application starting in development on http://localhost:3000
=> Run `rails server -h` for more startup options
Puma starting in single mode...
* Version 3.11.0 (ruby 2.3.4-p301), codename: Love Song
* Min threads: 5, max threads: 5
* Environment: development
* Listening on tcp://0.0.0.0:3000
Use Ctrl-C to stop
Started GET "/" for 127.0.0.1 at 2018-02-17 12:45:52 -0300
  [1m[36mActiveRecord::SchemaMigration Load (0.5ms)[0m  [1m[34mSELECT "schema_migrations".* FROM "schema_migrations"[0m
Processing by WelcomeController#index as HTML
  Rendering welcome/index.html.erb within layouts/application
  [1m[36mUser Load (0.1ms)[0m  [1m[34mSELECT  "users".* FROM "users" WHERE "users"."id" = ? ORDER BY "users"."id" ASC LIMIT ?[0m  [["id", 1], ["LIMIT", 1]]
  [1m[36mRole Load (13.6ms)[0m  [1m[34mSELECT "roles".* FROM "roles" INNER JOIN "users_roles" ON "roles"."id" = "users_roles"."role_id" WHERE "users_roles"."user_id" = ? AND (((roles.name = 'admin') AND (roles.resource_type IS NULL) AND (roles.resource_id IS NULL)))[0m  [["user_id", 1]]
  Rendered welcome/index.html.erb within layouts/application (93.3ms)
/home/fap/repo/fap/app/views/layouts/_navbar_sidebar.html.erb:19: warning: key :class is duplicated and overwritten on line 19
  Rendered layouts/_navbar_sidebar.html.erb (2.2ms)
Completed 200 OK in 1910ms (Views: 1843.8ms | ActiveRecord: 15.6ms)


- Gracefully stopping, waiting for requests to finish
=== puma shutdown: 2018-02-17 12:46:34 -0300 ===
- Goodbye!
Exiting
